Build started 19/08/2011 10:09:25.
     1>Project "C:\Users\Adam\Downloads\ChaosGroove_Source\ChaosGroove.vcxproj" on node 2 (build target(s)).
     1>InitializeBuildStatus:
         Touching "Release\ChaosGroove.unsuccessfulbuild".
       ClCompile:
         All outputs are up-to-date.
       Link:
         c:\Program Files (x86)\Microsoft Visual Studio 10.0\VC\bin\link.exe /ERRORREPORT:PROMPT /OUT:"C:\ChaosGroove\ChaosGroove.exe" /INCREMENTAL:NO /NOLOGO /LIBPATH:C:\Users\Adam\Downloads\ChaosGroove_Source\ptk20pc\pc\libmicrosoftvc /LIBPATH:C:\Users\Adam\Downloads\ChaosGroove_Source\directx\lib /LIBPATH:C:\Users\Adam\Downloads\ChaosGroove_Source\Raknet libptkvc.lib ksoundvcstatic.lib ddraw.lib winmm.lib opengl32.lib dsound.lib dxguid.lib wininet.lib shell32.lib d3dx.lib ws2_32.lib RakNetLibStatic.lib kernel32.lib user32.lib gdi32.lib winspool.lib comdlg32.lib advapi32.lib shell32.lib ole32.lib oleaut32.lib uuid.lib odbc32.lib odbccp32.lib /NODEFAULTLIB:libc /MANIFEST /ManifestFile:"Release\ChaosGroove.exe.intermediate.manifest" /MANIFESTUAC:"level='asInvoker' uiAccess='false'" /PDB:"C:\ChaosGroove\ChaosGroove.pdb" /SUBSYSTEM:WINDOWS /OPT:REF /OPT:ICF /LTCG /TLBID:1 /DYNAMICBASE /NXCOMPAT /IMPLIB:"C:\ChaosGroove\ChaosGroove.lib" /MACHINE:X86 Release\ai.obj
         Release\board.obj
         Release\bridge.obj
         Release\chat.obj
         Release\config.obj
         Release\effect.obj
         Release\game.obj
         Release\log.obj
         Release\net.obj
         Release\options.obj
         Release\panel.obj
         Release\piece.obj
         Release\scene.obj
         Release\sound.obj
         Release\spell.obj
         Release\timer.obj
         Release\wizard.obj
         Generating code
         Finished generating code
         ChaosGroove.vcxproj -> C:\ChaosGroove\ChaosGroove.exe
       Manifest:
         C:\Program Files (x86)\Microsoft SDKs\Windows\v7.0A\bin\mt.exe /nologo /verbose /outputresource:"C:\ChaosGroove\ChaosGroove.exe;#1" /manifest Release\ChaosGroove.exe.intermediate.manifest
       FinalizeBuildStatus:
         Deleting file "Release\ChaosGroove.unsuccessfulbuild".
         Touching "Release\ChaosGroove.lastbuildstate".
     1>Done Building Project "C:\Users\Adam\Downloads\ChaosGroove_Source\ChaosGroove.vcxproj" (build target(s)).

Build succeeded.

Time Elapsed 00:00:08.35
